07:39.109005-1,SCALL,6,process=rphost,p:processName=ea_5,t:clientID=189,t:applicationName=BackgroundJob,t:computerName=SRV1C5-1,t:connectID=21996,SessionID=12565,Usr=DefUser,ClientID=137,Interface=2ebdaa8c-4a75-48f7-94bf-8206623aa9bb,IName=IClusterLogMngr,Method=0,CallID=41271,MName=writeLogEntryData,Context='
ОбщийМодуль.ОчередьЗаданийСлужебный.Модуль : 680 : ЗапланироватьЗадание(Выборка);
        ОбщийМодуль.ОчередьЗаданийСлужебный.Модуль : 1559 : НСтр("ru = ''Исполняющее задание было принудительно завершено''"));
                ОбщийМодуль.ОчередьЗаданийСлужебный.Модуль : 1426 : + ?(ОбщегоНазначенияПовтИсп.ЭтоРазделеннаяКонфигурация() И ОбщегоНазначения.ЭтоРазделенныйОбъектМетаданных(ЗаписьЗадания.Метаданные().ПолноеИмя(),'
07:39.109008-1,DBMSSQL,7,process=rphost,p:processName=ea_5,t:clientID=189,t:applicationName=BackgroundJob,t:computerName=SRV1C5-1,t:connectID=21996,SessionID=12565,Usr=DefUser,Trans=1,dbpid=556,Sql='SELECT
T1._Fld13275
FROM dbo._Const13274 T1
WHERE T1._RecordKey = ?
p_0: 0x31
',Rows=1,RowsAffected=-1,Context='
ОбщийМодуль.ОчередьЗаданийСлужебный.Модуль : 680 : ЗапланироватьЗадание(Выборка);
        ОбщийМодуль.ОчередьЗаданийСлужебный.Модуль : 1562 : ПараметрыОбработчика = ПолучитьПараметрыОбработчикаОшибок(Задание);
                ОбщийМодуль.ОчередьЗаданийСлужебный.Модуль : 1273 : ИмяМетодаОбработчикаОшибки =
                        ОбщийМодуль.ОчередьЗаданийСлужебныйПовтИсп.Модуль : 66 : ОбработчикиСобытия = ОбщегоНазначения.ОбработчикиСлужебногоСобытия(
                                ОбщийМодуль.ОбщегоНазначения.Модуль : 5110 : Возврат СтандартныеПодсистемыПовтИсп.ОбработчикиСерверногоСобытия(Событие, Истина);
                                        ОбщийМодуль.СтандартныеПодсистемыПовтИсп.Модуль : 463 : ПодготовленныеОбработчики = ПодготовленныеОбработчикиСерверногоСобытия(Событие, Служебное);
                                                ОбщийМодуль.СтандартныеПодсистемыПовтИсп.Модуль : 645 : Параметры = СтандартныеПодсистемыПовтИсп.ПараметрыПрограммныхСобытий().ОбработчикиСобытий.НаСервере;
                                                        ОбщийМодуль.СтандартныеПодсистемыПовтИсп.Модуль : 423 : СохраненныеПараметры = СтандартныеПодсистемыСервер.ПараметрыРаботыПрограммы(
                                                                ОбщийМодуль.СтандартныеПодсистемыСервер.Модуль : 1045 : Возврат СтандартныеПодсистемыПовтИсп.ПараметрыРаботыПрограммы(ИмяКонстанты);
                                                                        ОбщийМодуль.СтандартныеПодсистемыПовтИсп.Модуль : 495 : Параметры = Константы[ИмяКонстанты].Получить().Получить();'
07:58.841000-14891,DBMSSQL,5,process=rphost,p:processName=ea_5,t:clientID=291,t:applicationName=WebServerExtension,t:computerName=srvweb5-2,t:connectID=22084,SessionID=12377,Usr=etek2011@mail.ru,AppID=WebClient,Trans=1,dbpid=552,Sql="SELECT
T1._Version
FROM dbo._SystemSettings T1
WHERE ((T1._Fld837 = ? AND T1._Fld891 = ?)) AND (T1._UserId = ? AND T1._ObjectKey = ? AND T1._SettingsKey = ? AND T1._DataSeparationUse892 = 0x01 AND T1._Fld891 = ? AND T1._DataSeparationUse893 = 0x01 AND T1._Fld837 = ?)
p_0: 181266N
p_1: 181266N
p_2: 'etek2011@mail.ru'
p_3: 'ОбщаяФорма.ИнформационнаяПанель/Такси/НастройкиОкнаВебКлиента'
p_4: ''
p_5: 181266N
p_6: 181266N
",Rows=1,RowsAffected=-1
14:00.399076-16,SDBL,3,process=rphost,p:processName=ea_5,t:clientID=1525,t:applicationName=BackgroundJob,t:computerName=SRV1C5-1,t:connectID=23002,SessionID=12894,Usr=pozh-spec@list.ru,Trans=0,Sdbl='SELECT TOP 2
Q_000_T_001.ID,
Q_000_T_001.Fld22130
FROM
Reference22093 Q_000_T_001
',Rows=1,Context='
ОбщийМодуль.ДлительныеОперации.Модуль : 546 : Справочники.ВерсииРасширений.ЗарегистрироватьИспользованиеВерсииРасширений();
        Справочник.ВерсииРасширений.МодульМенеджера : 111 : ВерсияРасширений = ПараметрыСеанса.ВерсияРасширений;
                МодульСеанса : 8 : СтандартныеПодсистемыСервер.УстановкаПараметровСеанса(ИменаПараметровСеанса);
                        ОбщийМодуль.СтандартныеПодсистемыСервер.Модуль : 39 : Справочники.ВерсииРасширений.УстановкаПараметровСеанса(ИменаПараметровСеанса, Уст
ановленныеПараметры);
                                Справочник.ВерсииРасширений.МодульМенеджера : 26 : ПараметрыСеанса.ВерсияРасширений = ВерсияРасширений();
                                        Справочник.ВерсииРасширений.МодульМенеджера : 370 : ЗарегистрироватьПервыйВходПослеУдаленияВсехРасширений();
                                                Справочник.ВерсииРасширений.МодульМенеджера : 466 : Выгрузка = Запрос.Выполнить().Выгрузить();'
14:00.399080-21,SDBL,2,process=rphost,p:processName=ea_5,t:clientID=1525,t:applicationName=BackgroundJob,t:computerName=SRV1C5-1,t:connectID=23002,SessionID=12
894,Usr=pozh-spec@list.ru,Trans=0,Func=HoldConnection,Context='
ОбщийМодуль.ДлительныеОперации.Модуль : 546 : Справочники.ВерсииРасширений.ЗарегистрироватьИспользованиеВерсииРасширений();
        Справочник.ВерсииРасширений.МодульМенеджера : 111 : ВерсияРасширений = ПараметрыСеанса.ВерсияРасширений;
                МодульСеанса : 8 : СтандартныеПодсистемыСервер.УстановкаПараметровСеанса(ИменаПараметровСеанса);
                        ОбщийМодуль.СтандартныеПодсистемыСервер.Модуль : 39 : Справочники.ВерсииРасширений.УстановкаПараметровСеанса(ИменаПараметровСеанса, УстановленныеПараметры);
                                Справочник.ВерсииРасширений.МодульМенеджера : 26 : ПараметрыСеанса.ВерсияРасширений = ВерсияРасширений();
                                        Справочник.ВерсииРасширений.МодульМенеджера : 370 : ЗарегистрироватьПервыйВходПослеУдаленияВсехРасширений();
                                                Справочник.ВерсииРасширений.МодульМенеджера : 466 : Выгрузка = Запрос.Выполнить().Выгрузить();'
14:00.446043-46932,DBMSSQL,3,process=rphost,p:processName=ea_5,t:clientID=1525,t:applicationName=BackgroundJob,t:computerName=SRV1C5-1,t:connectID=23002,SessionID=12894,Usr=pozh-spec@list.ru,Trans=0,dbpid=556,Sql='SELECT
T1._Fld12982
FROM dbo._Const12981 T1
WHERE T1._RecordKey = ?
p_0: 0x31
',Rows=1,RowsAffected=-1,Context='
ОбщийМодуль.ДлительныеОперации.Модуль : 549 : РаботаВБезопасномРежиме.ВыполнитьМетодКонфигурации(ВсеПараметры.ИмяПроцедуры, ВсеПараметры.ПараметрыПроцедуры);
        ОбщийМодуль.РаботаВБезопасномРежиме.Модуль : 508 : Выполнить ИмяМетода + "(" + ПараметрыСтрока + ")";
                 : 1 : Обработки.ГрупповоеПерепроведениеДокументов.ПерепроведениеДокументов(Параметры[0],Параметры[1])
                        Обработка.ГрупповоеПерепроведениеДокументов.МодульМенеджера : 95 : РезультатОбработки = ВыполнитьПерепроведение(Параметры);
                                Обработка.ГрупповоеПерепроведениеДокументов.МодульМенеджера : 113 : ВремяНачала = ОценкаПроизводительности.НачатьЗамерВремени();
                                        ОбщийМодуль.ОценкаПроизводительности.Модуль : 18 : Если ОценкаПроизводительностиВызовСервераПовтИсп.ВыполнятьЗамерыПроизводительности() Тогда
                                                ОбщийМодуль.ОценкаПроизводительностиВызовСервераПовтИсп.Модуль : 16 : Возврат Константы.ВыполнятьЗамерыПроизводительности.Получить();'
1701251306:51.498014-0,VRSREQUEST,2,process=rphost,p:processName=ea_5,t:clientID=205,t:applicationName=WebServerExtension,t:computerName=srvweb5-2,Method=POST,URI="/e1cib/modules/call?id=urn:module:md:ec6ed9cb-85a2-4303-9906-cfb4ce6500bf@property='d5963243-262e-4398-b4d7-fb16d06484f6';version='5f0357252938c9439d7950b1014436bf00000000'",Headers='X-Forwarded-Proto: https
X-Forwarded-Port: 443
Content-Encoding: deflate
Content-Length: 278
Cookie: $Version=1;vrs_session=69ca5f08-566e-43f3-9f64-2af587e59ede;$Path=/
Pragma: sync=185
Host: 1cfresh.com
Accept: application/xml
Content-Type: application/xml; charset=utf-8
1C-BaseLocation: https://1cfresh.com:443/a/ea/129906
1C-WebLocale:
1C-SDCVersion: 11348
1C-ConnectString: Srvr=SRV1C5-1;Ref=ea_5;ws=https://1cfresh.com:443/a/ea
1C-openIDProviderEndpoint: https://1cfresh.com/a/openid/e1cib/oid2op
X-Real-IP: 79.175.50.13
X-Forwarded-For: 79.175.50.13
Accept-Encoding: 1CSDC,deflate;q=0.5
1C-ApplicationName: 1CV8C
1C-SafeSession: 11
1C-ZoneInfo: -,129906
1C-OriginalLocation: https://1cfresh.com:443/a/ea/129906/e1cib/modules/call
Accept-Language: ru
Connection: close
User-Agent: 1CV8C',Body=278
